app/build/intermediates/manifest_merge_blame_file/debug/manifest-merger-blame-debug-report.txt
1<?xml version="1.0" encoding="utf-8"?>
2<manifest xmlns:android="http://schemas.android.com/apk/res/android"
3    package="com.codepath.apps.restclienttemplate"
4    android:versionCode="1"
5    android:versionName="1.0" >
6
7    <uses-sdk
8        android:minSdkVersion="21"
8-->src/main/AndroidManifest.xml
9        android:targetSdkVersion="28" />
9-->src/main/AndroidManifest.xml
10
11    <uses-permission android:name="android.permission.INTERNET" />
11-->src/main/AndroidManifest.xml:7:5-67
11-->src/main/AndroidManifest.xml:7:22-64
12    <uses-permission android:name="android.permission.WRITE_EXTERNAL_STORAGE" />
12-->src/main/AndroidManifest.xml:8:5-81
12-->src/main/AndroidManifest.xml:8:22-78
13
14    <application
14-->src/main/AndroidManifest.xml:10:5-38:19
15        android:name="com.codepath.apps.restclienttemplate.RestApplication"
15-->src/main/AndroidManifest.xml:11:9-40
16        android:allowBackup="true"
16-->src/main/AndroidManifest.xml:12:9-35
17        android:appComponentFactory="androidx.core.app.CoreComponentFactory"
17-->[androidx.core:core:1.3.1] AndroidManifest.xml:24:18-86
18        android:debuggable="true"
19        android:icon="@drawable/ic_launcher"
19-->src/main/AndroidManifest.xml:13:9-45
20        android:label="@string/app_name"
20-->src/main/AndroidManifest.xml:14:9-41
21        android:testOnly="true"
22        android:theme="@style/AppTheme" >
22-->src/main/AndroidManifest.xml:15:9-40
23        <activity android:name="com.codepath.apps.restclienttemplate.ComposeActivity" />
23-->src/main/AndroidManifest.xml:16:9-62
23-->src/main/AndroidManifest.xml:16:19-50
24        <activity android:name="com.codepath.apps.restclienttemplate.TimelineActivity" />
24-->src/main/AndroidManifest.xml:17:9-54
24-->src/main/AndroidManifest.xml:17:19-51
25        <activity
25-->src/main/AndroidManifest.xml:18:9-37:20
26            android:name="com.codepath.apps.restclienttemplate.LoginActivity"
26-->src/main/AndroidManifest.xml:19:13-42
27            android:label="@string/app_name"
27-->src/main/AndroidManifest.xml:20:13-45
28            android:theme="@style/AppTheme" >
28-->src/main/AndroidManifest.xml:21:13-44
29            <intent-filter>
29-->src/main/AndroidManifest.xml:22:13-26:29
30                <action android:name="android.intent.action.MAIN" />
30-->src/main/AndroidManifest.xml:23:17-69
30-->src/main/AndroidManifest.xml:23:25-66
31
32                <category android:name="android.intent.category.LAUNCHER" />
32-->src/main/AndroidManifest.xml:25:17-77
32-->src/main/AndroidManifest.xml:25:27-74
33            </intent-filter>
34            <intent-filter>
34-->src/main/AndroidManifest.xml:27:13-36:29
35                <action android:name="android.intent.action.VIEW" />
35-->src/main/AndroidManifest.xml:28:17-69
35-->src/main/AndroidManifest.xml:28:25-66
36
37                <category android:name="android.intent.category.DEFAULT" />
37-->src/main/AndroidManifest.xml:30:17-76
37-->src/main/AndroidManifest.xml:30:27-73
38                <category android:name="android.intent.category.BROWSABLE" />
38-->src/main/AndroidManifest.xml:31:17-78
38-->src/main/AndroidManifest.xml:31:27-75
39
40                <data
40-->src/main/AndroidManifest.xml:33:17-35:62
41                    android:host="@string/intent_host"
41-->src/main/AndroidManifest.xml:34:21-55
42                    android:scheme="@string/intent_scheme" />
42-->src/main/AndroidManifest.xml:35:21-59
43            </intent-filter>
44        </activity>
45
46        <service
46-->[androidx.room:room-runtime:2.2.5] AndroidManifest.xml:25:9-28:40
47            android:name="androidx.room.MultiInstanceInvalidationService"
47-->[androidx.room:room-runtime:2.2.5] AndroidManifest.xml:26:13-74
48            android:directBootAware="true"
48-->[androidx.room:room-runtime:2.2.5] AndroidManifest.xml:27:13-43
49            android:exported="false" />
49-->[androidx.room:room-runtime:2.2.5] AndroidManifest.xml:28:13-37
50    </application>
51
52</manifest>